<?xml version="1.0" encoding="UTF-8"?>
<!-- Generated by org.testng.reporters.JUnitXMLReporter -->
<testsuite hostname="DESKTOP-ANFB91A" ignored="0" name="chrome Regression Test" tests="1" failures="1" timestamp="05 Jan 2020 21:33:32 GMT" time="0.15" errors="0">
  <testcase name="@AfterMethod tearDown" time="0.023" classname="tests.TestBase2">
    <failure type="java.lang.NullPointerException">
      <![CDATA[java.lang.NullPointerException
at tests.TestBase2.getDriver(TestBase2.java:34)
at tests.TestBase2.tearDown(TestBase2.java:47)
at java.util.concurrent.FutureTask.run(Unknown Source)
at java.util.concurrent.ThreadPoolExecutor.runWorker(Unknown Source)
at java.util.concurrent.ThreadPoolExecutor$Worker.run(Unknown Source)
at java.lang.Thread.run(Unknown Source)
... Removed 19 stack frames]]>
    </failure>
  </testcase> <!-- @AfterMethod tearDown -->
  <testcase name="@AfterMethod tearDown" time="0.0" classname="tests.TestBase2">
    <failure type="java.lang.NullPointerException">
      <![CDATA[java.lang.NullPointerException
at tests.TestBase2.getDriver(TestBase2.java:34)
at tests.TestBase2.tearDown(TestBase2.java:47)
at java.util.concurrent.FutureTask.run(Unknown Source)
at java.util.concurrent.ThreadPoolExecutor.runWorker(Unknown Source)
at java.util.concurrent.ThreadPoolExecutor$Worker.run(Unknown Source)
at java.lang.Thread.run(Unknown Source)
... Removed 19 stack frames]]>
    </failure>
  </testcase> <!-- @AfterMethod tearDown -->
  <testcase name="userCanRegisterSucessfull" time="0.055" classname="tests.UserRegistrationParallelTest">
    <failure type="java.lang.NullPointerException">
      <![CDATA[java.lang.NullPointerException
at tests.TestBase2.getDriver(TestBase2.java:34)
at tests.UserRegistrationParallelTest.userCanRegisterSucessfull(UserRegistrationParallelTest.java:24)
at java.util.concurrent.FutureTask.run(Unknown Source)
at java.util.concurrent.ThreadPoolExecutor.runWorker(Unknown Source)
at java.util.concurrent.ThreadPoolExecutor$Worker.run(Unknown Source)
at java.lang.Thread.run(Unknown Source)
... Removed 16 stack frames]]>
    </failure>
  </testcase> <!-- userCanRegisterSucessfull -->
</testsuite> <!-- chrome Regression Test -->
